[0;35m🚀 PHASE 1: Complete Fix - Resolving all known issues[0m
================================================================
[0;34m[2025-09-02 20:23:19][0m Starting complete fix phase...
[0;34m[2025-09-02 20:23:19][0m Creating backup at: /home/dghost/Desktop/ADminerFinal/backups/20250902_202319
[0;32m✅ Backup created successfully[0m
[0;34m[2025-09-02 20:23:19][0m Executing complete_fix_script.sh...
[0;32m✅ Complete fix script executed successfully[0m
[0;32m✅ Phase 1 (Complete Fix) completed successfully[0m
[0;35m🚀 PHASE 2: Atomic Build - Ensuring clean build[0m
================================================================
[0;34m[2025-09-02 20:23:31][0m Starting atomic build phase...
[0;34m[2025-09-02 20:23:31][0m Cleaning previous build artifacts...
[0;32m✅ Previous build cleaned[0m
[0;34m[2025-09-02 20:23:32][0m Installing dependencies...
[0;32m✅ Dependencies installed[0m
[0;34m[2025-09-02 20:23:41][0m Building web application...
[0;32m✅ Web application built successfully[0m
[0;32m✅ Phase 2 (Atomic Build) completed successfully[0m
[0;35m🚀 PHASE 3: Bundle Synchronization - Fixing bundle mismatches[0m
================================================================
[0;34m[2025-09-02 20:23:50][0m Starting bundle synchronization phase...
[0;34m[2025-09-02 20:23:50][0m Clearing public directory...
[0;34m[2025-09-02 20:23:50][0m Copying fresh build to public directory...
[0;34m[2025-09-02 20:23:50][0m Verifying bundle synchronization...
[0;32m✅ Bundle synchronization verified: index-D1MCVaIr.js[0m
[0;32m✅ Phase 3 (Bundle Synchronization) completed successfully[0m
[0;35m🚀 PHASE 4: Validation - API, Auth, Rendering[0m
================================================================
[0;34m[2025-09-02 20:23:50][0m Starting validation phase...
[0;34m[2025-09-02 20:23:50][0m Starting local server for validation...
[0;34m[2025-09-02 20:23:52][0m Waiting for server to start...
[0;32m✅ Local server started (PID: 12243)[0m
[0;34m[2025-09-02 20:23:57][0m Running validation checkpoints...
[0;34m[2025-09-02 20:23:57][0m 1. API Health Check...
[0;32m✅ API health check passed[0m
[0;34m[2025-09-02 20:23:57][0m 2. API Endpoint Check...
[0;32m✅ API endpoint check passed[0m
[0;34m[2025-09-02 20:23:57][0m 3. HTML Loading Check...
[0;32m✅ HTML loading check passed[0m
[0;34m[2025-09-02 20:23:57][0m 4. Bundle Availability Check...
[0;32m✅ Bundle availability check passed[0m
[0;34m[2025-09-02 20:23:57][0m 5. Clerk Integration Check...
[0;32m✅ Clerk integration check passed[0m
[0;32m✅ All validation checkpoints passed[0m
[0;34m[2025-09-02 20:23:57][0m Stopping local server...
[0;32m✅ Phase 4 (Validation) completed successfully[0m
[0;35m🚀 PHASE 5: Deployment - Production with smoke testing[0m
================================================================
[0;34m[2025-09-02 20:23:57][0m Starting deployment phase...
[0;34m[2025-09-02 20:23:57][0m 1. Executing Vercel build...
[0;32m✅ Vercel build completed[0m
[0;34m[2025-09-02 20:24:08][0m 2. Executing local deployment...
[0;31m❌ Pipeline failed at line 347[0m
[0;31m❌ 🚨 ROLLBACK INITIATED - Rolling back completed phases...[0m
[1;33m⚠️  Rolling back fixes...[0m
[1;33m⚠️  Rolling back build...[0m
[1;33m⚠️  Rolling back bundle sync...[0m
[1;33m⚠️  Rolling back validation...[0m
[0;31m❌ Rollback complete. Check logs at: /home/dghost/Desktop/ADminerFinal/super-deploy-20250902_202319.log[0m
