==============================================
ADMINER SYSTEM ANALYSIS & VALIDATION SUITE
==============================================
Timestamp: Tue Sep  2 09:34:07 AM AEST 2025
Project Root: /home/dghost/Desktop/ADminerFinal

[0;34m=== CREATING WORKING STATE BACKUP ===[0m
Backup created at: /home/dghost/Desktop/ADminerFinal/backups/working_state_20250902_093407

[0;34m=== FILE STRUCTURE ANALYSIS ===[0m
Core Directory Structure:
  ✓ Web App Directory: EXISTS
  ✓ API Directory: EXISTS
Build Output Analysis:
  ✓ Web Build: EXISTS
  ✓ API Public: EXISTS
Configuration Files:
  ✓ Vite Config: EXISTS
  ✓ Vercel Config: EXISTS
Server Files Analysis:
  ✓ Primary Server: simple-server.cjs (2304 bytes)
Dashboard Components Analysis:
  Production Components:
    ✓ Main Dashboard: index.tsx (265 lines)
  Debug Components (SHOULD BE CLEANED):
Bundle Analysis:
  ✓ JavaScript Bundle: index-D1MCVaIr.js (1956438 bytes)
  ✓ CSS Bundle: index-DmgTqLu-.css (56411 bytes)
  Bundle Reference Check:
    HTML references JS: index-D1MCVaIr.js
    Actual JS file: index-D1MCVaIr.js
    ✓ Bundle references MATCH

[0;34m=== LOCAL DEVELOPMENT SERVER TESTS ===[0m
Testing: Server file exists... [0;32mPASS[0m
  └─ Checking for primary server file
